<?xml version="1.0" encoding="UTF-8"?>
<!-- Generated by org.testng.reporters.JUnitReportReporter -->
<testsuite skipped="0" hostname="LIE-CZ9NTC2" name="PhpTravelsTest.RegistrationTest" tests="1" failures="0" timestamp="2021-07-15T07:48:23 IST" time="40.098" errors="0">
  <testcase name="ManualPassingValuesRegistrationTest" time="40.098" classname="PhpTravelsTest.RegistrationTest"/>
  <system-out/>
</testsuite> <!-- PhpTravelsTest.RegistrationTest -->
